<?xml version="1.0" encoding="UTF-8"?>
<!-- Generated by org.testng.reporters.JUnitReportReporter -->
<testsuite hostname="DESKTOP-D5AL82S" failures="0" tests="3" name="com.Epsondoms.ProductTest.WomensProductTest" time="0.027" errors="0" timestamp="2024-10-28T15:45:24 IST" skipped="0">
  <testcase classname="com.Epsondoms.ProductTest.WomensProductTest" name="addProduct" time="0.014"/>
  <system-out/>
  <testcase classname="com.Epsondoms.ProductTest.WomensProductTest" name="updateProduct" time="0.007"/>
  <system-out/>
  <testcase classname="com.Epsondoms.ProductTest.WomensProductTest" name="removeProduct" time="0.006"/>
  <system-out/>
</testsuite> <!-- com.Epsondoms.ProductTest.WomensProductTest -->
