<?xml version="1.0" encoding="UTF-8"?>
<!-- Generated by org.testng.reporters.JUnitReportReporter -->
<testsuite hostname="DESKTOP-D5AL82S" failures="0" tests="1" name="DemoTest.Demo" time="0.005" errors="0" timestamp="2024-10-28T15:34:44 IST" skipped="0">
  <testcase classname="DemoTest.Demo" name="DemoTest" time="0.005"/>
  <system-out/>
</testsuite> <!-- DemoTest.Demo -->
