<?xml version="1.0" encoding="UTF-8"?>
<!-- Generated by org.testng.reporters.JUnitReportReporter -->
<testsuite hostname="DESKTOP-D5AL82S" failures="0" tests="3" name="com.Epsondoms.ProductTest.MensProductTest" time="0.038" errors="0" timestamp="2024-10-28T15:45:24 IST" skipped="0">
  <testcase classname="com.Epsondoms.ProductTest.MensProductTest" name="removeProduct" time="0.010"/>
  <system-out/>
  <testcase classname="com.Epsondoms.ProductTest.MensProductTest" name="updateProduct" time="0.010"/>
  <system-out/>
  <testcase classname="com.Epsondoms.ProductTest.MensProductTest" name="addProduct" time="0.018"/>
  <system-out/>
</testsuite> <!-- com.Epsondoms.ProductTest.MensProductTest -->
